<?xml version="1.0" encoding="UTF-8"?>
<testsuite name="org.springframework.beans.factory.xml.XmlBeanFactoryTests" tests="91" skipped="0" failures="0" errors="0" timestamp="2020-12-16T17:33:25" hostname="DESKTOP-EMRC5FU" time="0.387">
  <properties/>
  <testcase name="testAutowire" classname="org.springframework.beans.factory.xml.XmlBeanFactoryTests" time="0.037"/>
  <testcase name="testInitMethodThrowsException" classname="org.springframework.beans.factory.xml.XmlBeanFactoryTests" time="0.002"/>
  <testcase name="testConstructorArgWithDoubleSimpleTypeMatch" classname="org.springframework.beans.factory.xml.XmlBeanFactoryTests" time="0.004"/>
  <testcase name="testCircularReferencesWithWrapping" classname="org.springframework.beans.factory.xml.XmlBeanFactoryTests" time="0.002"/>
  <testcase name="testNestedPropertyValue" classname="org.springframework.beans.factory.xml.XmlBeanFactoryTests" time="0.007"/>
  <testcase name="testAutowireByConstructorWithSimpleValues" classname="org.springframework.beans.factory.xml.XmlBeanFactoryTests" time="0.004"/>
  <testcase name="testCircularReferencesWithWrappingAndRawInjectionAllowed" classname="org.springframework.beans.factory.xml.XmlBeanFactoryTests" time="0.001"/>
  <testcase name="testInnerBeansWithoutDestroy" classname="org.springframework.beans.factory.xml.XmlBeanFactoryTests" time="0.004"/>
  <testcase name="testDependenciesThroughConstructorArguments" classname="org.springframework.beans.factory.xml.XmlBeanFactoryTests" time="0.003"/>
  <testcase name="testDependenciesMaterializeThis" classname="org.springframework.beans.factory.xml.XmlBeanFactoryTests" time="0.005"/>
  <testcase name="testInnerBeanInheritsScopeFromConcreteChildDefinition" classname="org.springframework.beans.factory.xml.XmlBeanFactoryTests" time="0.002"/>
  <testcase name="testFailsOnInnerBean" classname="org.springframework.beans.factory.xml.XmlBeanFactoryTests" time="0.005"/>
  <testcase name="testRefToSeparatePrototypeInstances" classname="org.springframework.beans.factory.xml.XmlBeanFactoryTests" time="0.001"/>
  <testcase name="testInheritanceWithClass" classname="org.springframework.beans.factory.xml.XmlBeanFactoryTests" time="0.003"/>
  <testcase name="testPrototypeInheritanceFromParentFactoryPrototype" classname="org.springframework.beans.factory.xml.XmlBeanFactoryTests" time="0.003"/>
  <testcase name="testOverrideMethodByArgTypeElement" classname="org.springframework.beans.factory.xml.XmlBeanFactoryTests" time="0.006"/>
  <testcase name="testResourceAndInputStream" classname="org.springframework.beans.factory.xml.XmlBeanFactoryTests" time="0.008"/>
  <testcase name="testLenientDependencyMatchingFactoryMethod" classname="org.springframework.beans.factory.xml.XmlBeanFactoryTests" time="0.004"/>
  <testcase name="testStringConstructorArrayNoTypeNonLenient" classname="org.springframework.beans.factory.xml.XmlBeanFactoryTests" time="0.004"/>
  <testcase name="testCircularReferences" classname="org.springframework.beans.factory.xml.XmlBeanFactoryTests" time="0.001"/>
  <testcase name="testJavaLangStringConstructor" classname="org.springframework.beans.factory.xml.XmlBeanFactoryTests" time="0.004"/>
  <testcase name="testDependenciesThroughProperties" classname="org.springframework.beans.factory.xml.XmlBeanFactoryTests" time="0.003"/>
  <testcase name="testLenientDependencyMatching" classname="org.springframework.beans.factory.xml.XmlBeanFactoryTests" time="0.004"/>
  <testcase name="testFactoryReferenceCircle" classname="org.springframework.beans.factory.xml.XmlBeanFactoryTests" time="0.002"/>
  <testcase name="testDependenciesThroughPropertyAutowiringByName" classname="org.springframework.beans.factory.xml.XmlBeanFactoryTests" time="0.002"/>
  <testcase name="testDependenciesThroughPropertyAutowiringByType" classname="org.springframework.beans.factory.xml.XmlBeanFactoryTests" time="0.002"/>
  <testcase name="testDoubleBooleanAutowire" classname="org.springframework.beans.factory.xml.XmlBeanFactoryTests" time="0.006"/>
  <testcase name="testComplexFactoryReferenceCircle" classname="org.springframework.beans.factory.xml.XmlBeanFactoryTests" time="0.004"/>
  <testcase name="testNoSuchInitMethod" classname="org.springframework.beans.factory.xml.XmlBeanFactoryTests" time="0.002"/>
  <testcase name="testInitMethodIsInvoked" classname="org.springframework.beans.factory.xml.XmlBeanFactoryTests" time="0.001"/>
  <testcase name="testSingletonInheritsFromParentFactoryPrototype" classname="org.springframework.beans.factory.xml.XmlBeanFactoryTests" time="0.003"/>
  <testcase name="testUrlResourceWithImport" classname="org.springframework.beans.factory.xml.XmlBeanFactoryTests" time="0.003"/>
  <testcase name="testWithDuplicateName" classname="org.springframework.beans.factory.xml.XmlBeanFactoryTests" time="0.003"/>
  <testcase name="testConstructorArgWithSingleMatch" classname="org.springframework.beans.factory.xml.XmlBeanFactoryTests" time="0.004"/>
  <testcase name="testConstructorWithUnresolvableParameterName" classname="org.springframework.beans.factory.xml.XmlBeanFactoryTests" time="0.004"/>
  <testcase name="testDependsOn" classname="org.springframework.beans.factory.xml.XmlBeanFactoryTests" time="0.002"/>
  <testcase name="throwsExceptionOnTooManyArguments" classname="org.springframework.beans.factory.xml.XmlBeanFactoryTests" time="0.004"/>
  <testcase name="testClassNotFoundWithDefaultBeanClassLoader" classname="org.springframework.beans.factory.xml.XmlBeanFactoryTests" time="0.002"/>
  <testcase name="testNonLenientDependencyMatchingFactoryMethod" classname="org.springframework.beans.factory.xml.XmlBeanFactoryTests" time="0.007"/>
  <testcase name="testInheritanceFromParentFactoryPrototype" classname="org.springframework.beans.factory.xml.XmlBeanFactoryTests" time="0.003"/>
  <testcase name="testWithDuplicateNameInAlias" classname="org.springframework.beans.factory.xml.XmlBeanFactoryTests" time="0.002"/>
  <testcase name="recursiveImport" classname="org.springframework.beans.factory.xml.XmlBeanFactoryTests" time="0.002"/>
  <testcase name="testCircularReferenceWithTwoFactoryBeans" classname="org.springframework.beans.factory.xml.XmlBeanFactoryTests" time="0.001"/>
  <testcase name="testAutowireModeNotInherited" classname="org.springframework.beans.factory.xml.XmlBeanFactoryTests" time="0.002"/>
  <testcase name="testInnerBeans" classname="org.springframework.beans.factory.xml.XmlBeanFactoryTests" time="0.003"/>
  <testcase name="testChildOverridesParentBean" classname="org.springframework.beans.factory.xml.XmlBeanFactoryTests" time="0.003"/>
  <testcase name="testDependenciesThroughConstructorArgumentAutowiring" classname="org.springframework.beans.factory.xml.XmlBeanFactoryTests" time="0.002"/>
  <testcase name="lookupOverrideOneMethodWithConstructorInjection" classname="org.springframework.beans.factory.xml.XmlBeanFactoryTests" time="0.005"/>
  <testcase name="testAutowireWithParent" classname="org.springframework.beans.factory.xml.XmlBeanFactoryTests" time="0.021"/>
  <testcase name="testCircularReferenceWithFactoryBeanFirst" classname="org.springframework.beans.factory.xml.XmlBeanFactoryTests" time="0.002"/>
  <testcase name="testInitializingBeanAndSameInitMethod" classname="org.springframework.beans.factory.xml.XmlBeanFactoryTests" time="0.002"/>
  <testcase name="testConstructorArgWithSingleSimpleTypeMatch" classname="org.springframework.beans.factory.xml.XmlBeanFactoryTests" time="0.004"/>
  <testcase name="testInitializingBeanAndInitMethod" classname="org.springframework.beans.factory.xml.XmlBeanFactoryTests" time="0.002"/>
  <testcase name="methodInjectedBeanMustBeOfSameEnhancedCglibSubclassTypeAcrossBeanFactories" classname="org.springframework.beans.factory.xml.XmlBeanFactoryTests" time="0.016"/>
  <testcase name="testReplaceMethodOverrideWithSetterInjection" classname="org.springframework.beans.factory.xml.XmlBeanFactoryTests" time="0.008"/>
  <testcase name="testDefaultLazyInit" classname="org.springframework.beans.factory.xml.XmlBeanFactoryTests" time="0.001"/>
  <testcase name="testCollectionsReferredToAsRefLocals" classname="org.springframework.beans.factory.xml.XmlBeanFactoryTests" time="0.008"/>
  <testcase name="testAbstractParentBeans" classname="org.springframework.beans.factory.xml.XmlBeanFactoryTests" time="0.002"/>
  <testcase name="lookupOverrideMethodsWithSetterInjection" classname="org.springframework.beans.factory.xml.XmlBeanFactoryTests" time="0.018"/>
  <testcase name="testDoubleBooleanAutowireWithIndex" classname="org.springframework.beans.factory.xml.XmlBeanFactoryTests" time="0.004"/>
  <testcase name="testRelatedCausesFromConstructorResolution" classname="org.springframework.beans.factory.xml.XmlBeanFactoryTests" time="0.007"/>
  <testcase name="testPrimitiveConstructorArray" classname="org.springframework.beans.factory.xml.XmlBeanFactoryTests" time="0.004"/>
  <testcase name="noSuchXmlFile" classname="org.springframework.beans.factory.xml.XmlBeanFactoryTests" time="0.001"/>
  <testcase name="serializableMethodReplacerAndSuperclass" classname="org.springframework.beans.factory.xml.XmlBeanFactoryTests" time="0.005"/>
  <testcase name="testIndexedPrimitiveConstructorArray" classname="org.springframework.beans.factory.xml.XmlBeanFactoryTests" time="0.004"/>
  <testcase name="testDependsOnInInnerBean" classname="org.springframework.beans.factory.xml.XmlBeanFactoryTests" time="0.003"/>
  <testcase name="testRejectsOverrideOfBogusMethodName" classname="org.springframework.beans.factory.xml.XmlBeanFactoryTests" time="0.002"/>
  <testcase name="testCustomStringConstructor" classname="org.springframework.beans.factory.xml.XmlBeanFactoryTests" time="0.004"/>
  <testcase name="testFileSystemResourceWithImport" classname="org.springframework.beans.factory.xml.XmlBeanFactoryTests" time="0.004"/>
  <testcase name="testClassPathResourceWithImport" classname="org.springframework.beans.factory.xml.XmlBeanFactoryTests" time="0.003"/>
  <testcase name="throwsExceptionOnAmbiguousResolution" classname="org.springframework.beans.factory.xml.XmlBeanFactoryTests" time="0.007"/>
  <testcase name="testClassNotFoundWithNoBeanClassLoader" classname="org.springframework.beans.factory.xml.XmlBeanFactoryTests" time="0.001"/>
  <testcase name="testDependenciesThroughPropertiesInInnerBean" classname="org.springframework.beans.factory.xml.XmlBeanFactoryTests" time="0.002"/>
  <testcase name="testPrototypeWithExplicitArguments" classname="org.springframework.beans.factory.xml.XmlBeanFactoryTests" time="0.004"/>
  <testcase name="testAutowireWithDefault" classname="org.springframework.beans.factory.xml.XmlBeanFactoryTests" time="0.002"/>
  <testcase name="testFactoryReferenceWithDoublePrefix" classname="org.springframework.beans.factory.xml.XmlBeanFactoryTests" time="0.001"/>
  <testcase name="testStringConstructorArrayNoType" classname="org.springframework.beans.factory.xml.XmlBeanFactoryTests" time="0.004"/>
  <testcase name="testRefToSingleton" classname="org.springframework.beans.factory.xml.XmlBeanFactoryTests" time="0.002"/>
  <testcase name="testConstructorArgResolution" classname="org.springframework.beans.factory.xml.XmlBeanFactoryTests" time="0.005"/>
  <testcase name="testAutowireByConstructor" classname="org.springframework.beans.factory.xml.XmlBeanFactoryTests" time="0.004"/>
  <testcase name="testSingletonFromParent" classname="org.springframework.beans.factory.xml.XmlBeanFactoryTests" time="0.003"/>
  <testcase name="testDependenciesThroughConstructorArgumentsInInnerBean" classname="org.springframework.beans.factory.xml.XmlBeanFactoryTests" time="0.002"/>
  <testcase name="testInheritanceWithDifferentClass" classname="org.springframework.beans.factory.xml.XmlBeanFactoryTests" time="0.005"/>
  <testcase name="testDependenciesThroughPropertiesWithInTheMiddle" classname="org.springframework.beans.factory.xml.XmlBeanFactoryTests" time="0.003"/>
  <testcase name="testCircularReferencesWithNotAllowed" classname="org.springframework.beans.factory.xml.XmlBeanFactoryTests" time="0.002"/>
  <testcase name="testOverrideMethodByArgTypeAttribute" classname="org.springframework.beans.factory.xml.XmlBeanFactoryTests" time="0.003"/>
  <testcase name="testPrototypeInheritanceFromParentFactorySingleton" classname="org.springframework.beans.factory.xml.XmlBeanFactoryTests" time="0.003"/>
  <testcase name="testNonLenientDependencyMatching" classname="org.springframework.beans.factory.xml.XmlBeanFactoryTests" time="0.004"/>
  <testcase name="invalidXmlFile" classname="org.springframework.beans.factory.xml.XmlBeanFactoryTests" time="0.004"/>
  <testcase name="noSuchFactoryBeanMethod" classname="org.springframework.beans.factory.xml.XmlBeanFactoryTests" time="0.003"/>
  <testcase name="testBogusParentageFromParentFactory" classname="org.springframework.beans.factory.xml.XmlBeanFactoryTests" time="0.004"/>
  <system-out><![CDATA[]]></system-out>
  <system-err><![CDATA[org.springframework.beans.factory.BeanCreationException: Error creating bean with name 'failsOnInnerBean' defined in class path resource [org/springframework/beans/factory/xml/XmlBeanFactoryTests-reftypes.xml]: Cannot create inner bean 'org.springframework.tests.sample.beans.TestBean#17c885b' of type [org.springframework.tests.sample.beans.TestBean] while setting bean property 'someMap' with key [TypedStringValue: value [someKey], target type [null]]; nested exception is org.springframework.beans.factory.BeanCreationException: Error creating bean with name 'org.springframework.tests.sample.beans.TestBean#17c885b' defined in class path resource [org/springframework/beans/factory/xml/XmlBeanFactoryTests-reftypes.xml]: Error setting property values; nested exception is org.springframework.beans.PropertyBatchUpdateException; nested PropertyAccessExceptions (1) are:
PropertyAccessException 1: org.springframework.beans.MethodInvocationException: Property 'touchy' threw exception; nested exception is java.lang.Exception: Can't contain a .
	at org.springframework.beans.factory.support.BeanDefinitionValueResolver.resolveInnerBean(BeanDefinitionValueResolver.java:389)
	at org.springframework.beans.factory.support.BeanDefinitionValueResolver.resolveValueIfNecessary(BeanDefinitionValueResolver.java:127)
	at org.springframework.beans.factory.support.BeanDefinitionValueResolver.lambda$resolveManagedMap$48(BeanDefinitionValueResolver.java:452)
	at java.util.LinkedHashMap.forEach(LinkedHashMap.java:676)
	at org.springframework.beans.factory.support.BeanDefinitionValueResolver.resolveManagedMap(BeanDefinitionValueResolver.java:450)
	at org.springframework.beans.factory.support.BeanDefinitionValueResolver.resolveValueIfNecessary(BeanDefinitionValueResolver.java:181)
	at org.springframework.beans.factory.support.AbstractAutowireCapableBeanFactory.applyPropertyValues(AbstractAutowireCapableBeanFactory.java:1694)
	at org.springframework.beans.factory.support.AbstractAutowireCapableBeanFactory.populateBean(AbstractAutowireCapableBeanFactory.java:1439)
	at org.springframework.beans.factory.support.AbstractAutowireCapableBeanFactory.doCreateBean(AbstractAutowireCapableBeanFactory.java:593)
	at org.springframework.beans.factory.support.AbstractAutowireCapableBeanFactory.createBean(AbstractAutowireCapableBeanFactory.java:516)
	at org.springframework.beans.factory.support.AbstractBeanFactory.lambda$doGetBean$31(AbstractBeanFactory.java:320)
	at org.springframework.beans.factory.support.DefaultSingletonBeanRegistry.getSingleton(DefaultSingletonBeanRegistry.java:222)
	at org.springframework.beans.factory.support.AbstractBeanFactory.doGetBean(AbstractBeanFactory.java:318)
	at org.springframework.beans.factory.support.AbstractBeanFactory.getBean(AbstractBeanFactory.java:199)
	at org.springframework.beans.factory.xml.XmlBeanFactoryTests.testFailsOnInnerBean(XmlBeanFactoryTests.java:289)
	at sun.reflect.NativeMethodAccessorImpl.invoke0(Native Method)
	at sun.reflect.NativeMethodAccessorImpl.invoke(NativeMethodAccessorImpl.java:62)
	at sun.reflect.DelegatingMethodAccessorImpl.invoke(DelegatingMethodAccessorImpl.java:43)
	at java.lang.reflect.Method.invoke(Method.java:497)
	at org.junit.runners.model.FrameworkMethod$1.runReflectiveCall(FrameworkMethod.java:59)
	at org.junit.internal.runners.model.ReflectiveCallable.run(ReflectiveCallable.java:12)
	at org.junit.runners.model.FrameworkMethod.invokeExplosively(FrameworkMethod.java:56)
	at org.junit.internal.runners.statements.InvokeMethod.evaluate(InvokeMethod.java:17)
	at org.junit.runners.ParentRunner$3.evaluate(ParentRunner.java:305)
	at org.junit.runners.BlockJUnit4ClassRunner$1.evaluate(BlockJUnit4ClassRunner.java:100)
	at org.junit.runners.ParentRunner.runLeaf(ParentRunner.java:365)
	at org.junit.runners.BlockJUnit4ClassRunner.runChild(BlockJUnit4ClassRunner.java:103)
	at org.junit.runners.BlockJUnit4ClassRunner.runChild(BlockJUnit4ClassRunner.java:63)
	at org.junit.runners.ParentRunner$4.run(ParentRunner.java:330)
	at org.junit.runners.ParentRunner$1.schedule(ParentRunner.java:78)
	at org.junit.runners.ParentRunner.runChildren(ParentRunner.java:328)
	at org.junit.runners.ParentRunner.access$100(ParentRunner.java:65)
	at org.junit.runners.ParentRunner$2.evaluate(ParentRunner.java:292)
	at org.junit.runners.ParentRunner$3.evaluate(ParentRunner.java:305)
	at org.junit.runners.ParentRunner.run(ParentRunner.java:412)
	at org.junit.runner.JUnitCore.run(JUnitCore.java:137)
	at org.junit.runner.JUnitCore.run(JUnitCore.java:115)
	at org.junit.vintage.engine.execution.RunnerExecutor.execute(RunnerExecutor.java:40)
	at java.util.stream.ForEachOps$ForEachOp$OfRef.accept(ForEachOps.java:184)
	at java.util.stream.ReferencePipeline$3$1.accept(ReferencePipeline.java:193)
	at java.util.Iterator.forEachRemaining(Iterator.java:116)
	at java.util.Spliterators$IteratorSpliterator.forEachRemaining(Spliterators.java:1801)
	at java.util.stream.AbstractPipeline.copyInto(AbstractPipeline.java:481)
	at java.util.stream.AbstractPipeline.wrapAndCopyInto(AbstractPipeline.java:471)
	at java.util.stream.ForEachOps$ForEachOp.evaluateSequential(ForEachOps.java:151)
	at java.util.stream.ForEachOps$ForEachOp$OfRef.evaluateSequential(ForEachOps.java:174)
	at java.util.stream.AbstractPipeline.evaluate(AbstractPipeline.java:234)
	at java.util.stream.ReferencePipeline.forEach(ReferencePipeline.java:418)
	at org.junit.vintage.engine.VintageTestEngine.executeAllChildren(VintageTestEngine.java:80)
	at org.junit.vintage.engine.VintageTestEngine.execute(VintageTestEngine.java:71)
	at org.junit.platform.launcher.core.DefaultLauncher.execute(DefaultLauncher.java:229)
	at org.junit.platform.launcher.core.DefaultLauncher.lambda$execute$6(DefaultLauncher.java:197)
	at org.junit.platform.launcher.core.DefaultLauncher.withInterceptedStreams(DefaultLauncher.java:211)
	at org.junit.platform.launcher.core.DefaultLauncher.execute(DefaultLauncher.java:191)
	at org.junit.platform.launcher.core.DefaultLauncher.execute(DefaultLauncher.java:128)
	at org.gradle.api.internal.tasks.testing.junitplatform.JUnitPlatformTestClassProcessor$CollectAllTestClassesExecutor.processAllTestClasses(JUnitPlatformTestClassProcessor.java:102)
	at org.gradle.api.internal.tasks.testing.junitplatform.JUnitPlatformTestClassProcessor$CollectAllTestClassesExecutor.access$000(JUnitPlatformTestClassProcessor.java:82)
	at org.gradle.api.internal.tasks.testing.junitplatform.JUnitPlatformTestClassProcessor.stop(JUnitPlatformTestClassProcessor.java:78)
	at org.gradle.api.internal.tasks.testing.SuiteTestClassProcessor.stop(SuiteTestClassProcessor.java:61)
	at sun.reflect.NativeMethodAccessorImpl.invoke0(Native Method)
	at sun.reflect.NativeMethodAccessorImpl.invoke(NativeMethodAccessorImpl.java:62)
	at sun.reflect.DelegatingMethodAccessorImpl.invoke(DelegatingMethodAccessorImpl.java:43)
	at java.lang.reflect.Method.invoke(Method.java:497)
	at org.gradle.internal.dispatch.ReflectionDispatch.dispatch(ReflectionDispatch.java:35)
	at org.gradle.internal.dispatch.ReflectionDispatch.dispatch(ReflectionDispatch.java:24)
	at org.gradle.internal.dispatch.ContextClassLoaderDispatch.dispatch(ContextClassLoaderDispatch.java:32)
	at org.gradle.internal.dispatch.ProxyDispatchAdapter$DispatchingInvocationHandler.invoke(ProxyDispatchAdapter.java:93)
	at com.sun.proxy.$Proxy2.stop(Unknown Source)
	at org.gradle.api.internal.tasks.testing.worker.TestWorker.stop(TestWorker.java:132)
	at sun.reflect.NativeMethodAccessorImpl.invoke0(Native Method)
	at sun.reflect.NativeMethodAccessorImpl.invoke(NativeMethodAccessorImpl.java:62)
	at sun.reflect.DelegatingMethodAccessorImpl.invoke(DelegatingMethodAccessorImpl.java:43)
	at java.lang.reflect.Method.invoke(Method.java:497)
	at org.gradle.internal.dispatch.ReflectionDispatch.dispatch(ReflectionDispatch.java:35)
	at org.gradle.internal.dispatch.ReflectionDispatch.dispatch(ReflectionDispatch.java:24)
	at org.gradle.internal.remote.internal.hub.MessageHubBackedObjectConnection$DispatchWrapper.dispatch(MessageHubBackedObjectConnection.java:175)
	at org.gradle.internal.remote.internal.hub.MessageHubBackedObjectConnection$DispatchWrapper.dispatch(MessageHubBackedObjectConnection.java:157)
	at org.gradle.internal.remote.internal.hub.MessageHub$Handler.run(MessageHub.java:404)
	at org.gradle.internal.concurrent.ExecutorPolicy$CatchAndRecordFailures.onExecute(ExecutorPolicy.java:63)
	at org.gradle.internal.concurrent.ManagedExecutorImpl$1.run(ManagedExecutorImpl.java:46)
	at java.util.concurrent.ThreadPoolExecutor.runWorker(ThreadPoolExecutor.java:1142)
	at java.util.concurrent.ThreadPoolExecutor$Worker.run(ThreadPoolExecutor.java:617)
	at org.gradle.internal.concurrent.ThreadFactoryImpl$ManagedThreadRunnable.run(ThreadFactoryImpl.java:55)
	at java.lang.Thread.run(Thread.java:745)
Caused by: org.springframework.beans.factory.BeanCreationException: Error creating bean with name 'org.springframework.tests.sample.beans.TestBean#17c885b' defined in class path resource [org/springframework/beans/factory/xml/XmlBeanFactoryTests-reftypes.xml]: Error setting property values; nested exception is org.springframework.beans.PropertyBatchUpdateException; nested PropertyAccessExceptions (1) are:
PropertyAccessException 1: org.springframework.beans.MethodInvocationException: Property 'touchy' threw exception; nested exception is java.lang.Exception: Can't contain a .
	at org.springframework.beans.factory.support.AbstractAutowireCapableBeanFactory.applyPropertyValues(AbstractAutowireCapableBeanFactory.java:1731)
	at org.springframework.beans.factory.support.AbstractAutowireCapableBeanFactory.populateBean(AbstractAutowireCapableBeanFactory.java:1439)
	at org.springframework.beans.factory.support.AbstractAutowireCapableBeanFactory.doCreateBean(AbstractAutowireCapableBeanFactory.java:593)
	at org.springframework.beans.factory.support.AbstractAutowireCapableBeanFactory.createBean(AbstractAutowireCapableBeanFactory.java:516)
	at org.springframework.beans.factory.support.BeanDefinitionValueResolver.resolveInnerBean(BeanDefinitionValueResolver.java:374)
	... 83 more
Caused by: org.springframework.beans.PropertyBatchUpdateException; nested PropertyAccessExceptions (1) are:
PropertyAccessException 1: org.springframework.beans.MethodInvocationException: Property 'touchy' threw exception; nested exception is java.lang.Exception: Can't contain a .
	at org.springframework.beans.AbstractPropertyAccessor.setPropertyValues(AbstractPropertyAccessor.java:122)
	at org.springframework.beans.AbstractPropertyAccessor.setPropertyValues(AbstractPropertyAccessor.java:77)
	at org.springframework.beans.factory.support.AbstractAutowireCapableBeanFactory.applyPropertyValues(AbstractAutowireCapableBeanFactory.java:1727)
	... 87 more
org.springframework.beans.factory.BeanCreationException: Error creating bean with name 'failsOnInnerBeanForConstructor' defined in class path resource [org/springframework/beans/factory/xml/XmlBeanFactoryTests-reftypes.xml]: Cannot create inner bean 'innerBean' of type [org.springframework.tests.sample.beans.TestBean] while setting constructor argument; nested exception is org.springframework.beans.factory.BeanCreationException: Error creating bean with name 'innerBean#1' defined in class path resource [org/springframework/beans/factory/xml/XmlBeanFactoryTests-reftypes.xml]: Error setting property values; nested exception is org.springframework.beans.PropertyBatchUpdateException; nested PropertyAccessExceptions (1) are:
PropertyAccessException 1: org.springframework.beans.MethodInvocationException: Property 'touchy' threw exception; nested exception is java.lang.Exception: Can't contain a .
	at org.springframework.beans.factory.support.BeanDefinitionValueResolver.resolveInnerBean(BeanDefinitionValueResolver.java:389)
	at org.springframework.beans.factory.support.BeanDefinitionValueResolver.resolveValueIfNecessary(BeanDefinitionValueResolver.java:127)
	at org.springframework.beans.factory.support.ConstructorResolver.resolveConstructorArguments(ConstructorResolver.java:687)
	at org.springframework.beans.factory.support.ConstructorResolver.autowireConstructor(ConstructorResolver.java:189)
	at org.springframework.beans.factory.support.AbstractAutowireCapableBeanFactory.autowireConstructor(AbstractAutowireCapableBeanFactory.java:1346)
	at org.springframework.beans.factory.support.AbstractAutowireCapableBeanFactory.createBeanInstance(AbstractAutowireCapableBeanFactory.java:1192)
	at org.springframework.beans.factory.support.AbstractAutowireCapableBeanFactory.doCreateBean(AbstractAutowireCapableBeanFactory.java:556)
	at org.springframework.beans.factory.support.AbstractAutowireCapableBeanFactory.createBean(AbstractAutowireCapableBeanFactory.java:516)
	at org.springframework.beans.factory.support.AbstractBeanFactory.lambda$doGetBean$31(AbstractBeanFactory.java:320)
	at org.springframework.beans.factory.support.DefaultSingletonBeanRegistry.getSingleton(DefaultSingletonBeanRegistry.java:222)
	at org.springframework.beans.factory.support.AbstractBeanFactory.doGetBean(AbstractBeanFactory.java:318)
	at org.springframework.beans.factory.support.AbstractBeanFactory.getBean(AbstractBeanFactory.java:199)
	at org.springframework.beans.factory.xml.XmlBeanFactoryTests.testFailsOnInnerBean(XmlBeanFactoryTests.java:299)
	at sun.reflect.NativeMethodAccessorImpl.invoke0(Native Method)
	at sun.reflect.NativeMethodAccessorImpl.invoke(NativeMethodAccessorImpl.java:62)
	at sun.reflect.DelegatingMethodAccessorImpl.invoke(DelegatingMethodAccessorImpl.java:43)
	at java.lang.reflect.Method.invoke(Method.java:497)
	at org.junit.runners.model.FrameworkMethod$1.runReflectiveCall(FrameworkMethod.java:59)
	at org.junit.internal.runners.model.ReflectiveCallable.run(ReflectiveCallable.java:12)
	at org.junit.runners.model.FrameworkMethod.invokeExplosively(FrameworkMethod.java:56)
	at org.junit.internal.runners.statements.InvokeMethod.evaluate(InvokeMethod.java:17)
	at org.junit.runners.ParentRunner$3.evaluate(ParentRunner.java:305)
	at org.junit.runners.BlockJUnit4ClassRunner$1.evaluate(BlockJUnit4ClassRunner.java:100)
	at org.junit.runners.ParentRunner.runLeaf(ParentRunner.java:365)
	at org.junit.runners.BlockJUnit4ClassRunner.runChild(BlockJUnit4ClassRunner.java:103)
	at org.junit.runners.BlockJUnit4ClassRunner.runChild(BlockJUnit4ClassRunner.java:63)
	at org.junit.runners.ParentRunner$4.run(ParentRunner.java:330)
	at org.junit.runners.ParentRunner$1.schedule(ParentRunner.java:78)
	at org.junit.runners.ParentRunner.runChildren(ParentRunner.java:328)
	at org.junit.runners.ParentRunner.access$100(ParentRunner.java:65)
	at org.junit.runners.ParentRunner$2.evaluate(ParentRunner.java:292)
	at org.junit.runners.ParentRunner$3.evaluate(ParentRunner.java:305)
	at org.junit.runners.ParentRunner.run(ParentRunner.java:412)
	at org.junit.runner.JUnitCore.run(JUnitCore.java:137)
	at org.junit.runner.JUnitCore.run(JUnitCore.java:115)
	at org.junit.vintage.engine.execution.RunnerExecutor.execute(RunnerExecutor.java:40)
	at java.util.stream.ForEachOps$ForEachOp$OfRef.accept(ForEachOps.java:184)
	at java.util.stream.ReferencePipeline$3$1.accept(ReferencePipeline.java:193)
	at java.util.Iterator.forEachRemaining(Iterator.java:116)
	at java.util.Spliterators$IteratorSpliterator.forEachRemaining(Spliterators.java:1801)
	at java.util.stream.AbstractPipeline.copyInto(AbstractPipeline.java:481)
	at java.util.stream.AbstractPipeline.wrapAndCopyInto(AbstractPipeline.java:471)
	at java.util.stream.ForEachOps$ForEachOp.evaluateSequential(ForEachOps.java:151)
	at java.util.stream.ForEachOps$ForEachOp$OfRef.evaluateSequential(ForEachOps.java:174)
	at java.util.stream.AbstractPipeline.evaluate(AbstractPipeline.java:234)
	at java.util.stream.ReferencePipeline.forEach(ReferencePipeline.java:418)
	at org.junit.vintage.engine.VintageTestEngine.executeAllChildren(VintageTestEngine.java:80)
	at org.junit.vintage.engine.VintageTestEngine.execute(VintageTestEngine.java:71)
	at org.junit.platform.launcher.core.DefaultLauncher.execute(DefaultLauncher.java:229)
	at org.junit.platform.launcher.core.DefaultLauncher.lambda$execute$6(DefaultLauncher.java:197)
	at org.junit.platform.launcher.core.DefaultLauncher.withInterceptedStreams(DefaultLauncher.java:211)
	at org.junit.platform.launcher.core.DefaultLauncher.execute(DefaultLauncher.java:191)
	at org.junit.platform.launcher.core.DefaultLauncher.execute(DefaultLauncher.java:128)
	at org.gradle.api.internal.tasks.testing.junitplatform.JUnitPlatformTestClassProcessor$CollectAllTestClassesExecutor.processAllTestClasses(JUnitPlatformTestClassProcessor.java:102)
	at org.gradle.api.internal.tasks.testing.junitplatform.JUnitPlatformTestClassProcessor$CollectAllTestClassesExecutor.access$000(JUnitPlatformTestClassProcessor.java:82)
	at org.gradle.api.internal.tasks.testing.junitplatform.JUnitPlatformTestClassProcessor.stop(JUnitPlatformTestClassProcessor.java:78)
	at org.gradle.api.internal.tasks.testing.SuiteTestClassProcessor.stop(SuiteTestClassProcessor.java:61)
	at sun.reflect.NativeMethodAccessorImpl.invoke0(Native Method)
	at sun.reflect.NativeMethodAccessorImpl.invoke(NativeMethodAccessorImpl.java:62)
	at sun.reflect.DelegatingMethodAccessorImpl.invoke(DelegatingMethodAccessorImpl.java:43)
	at java.lang.reflect.Method.invoke(Method.java:497)
	at org.gradle.internal.dispatch.ReflectionDispatch.dispatch(ReflectionDispatch.java:35)
	at org.gradle.internal.dispatch.ReflectionDispatch.dispatch(ReflectionDispatch.java:24)
	at org.gradle.internal.dispatch.ContextClassLoaderDispatch.dispatch(ContextClassLoaderDispatch.java:32)
	at org.gradle.internal.dispatch.ProxyDispatchAdapter$DispatchingInvocationHandler.invoke(ProxyDispatchAdapter.java:93)
	at com.sun.proxy.$Proxy2.stop(Unknown Source)
	at org.gradle.api.internal.tasks.testing.worker.TestWorker.stop(TestWorker.java:132)
	at sun.reflect.NativeMethodAccessorImpl.invoke0(Native Method)
	at sun.reflect.NativeMethodAccessorImpl.invoke(NativeMethodAccessorImpl.java:62)
	at sun.reflect.DelegatingMethodAccessorImpl.invoke(DelegatingMethodAccessorImpl.java:43)
	at java.lang.reflect.Method.invoke(Method.java:497)
	at org.gradle.internal.dispatch.ReflectionDispatch.dispatch(ReflectionDispatch.java:35)
	at org.gradle.internal.dispatch.ReflectionDispatch.dispatch(ReflectionDispatch.java:24)
	at org.gradle.internal.remote.internal.hub.MessageHubBackedObjectConnection$DispatchWrapper.dispatch(MessageHubBackedObjectConnection.java:175)
	at org.gradle.internal.remote.internal.hub.MessageHubBackedObjectConnection$DispatchWrapper.dispatch(MessageHubBackedObjectConnection.java:157)
	at org.gradle.internal.remote.internal.hub.MessageHub$Handler.run(MessageHub.java:404)
	at org.gradle.internal.concurrent.ExecutorPolicy$CatchAndRecordFailures.onExecute(ExecutorPolicy.java:63)
	at org.gradle.internal.concurrent.ManagedExecutorImpl$1.run(ManagedExecutorImpl.java:46)
	at java.util.concurrent.ThreadPoolExecutor.runWorker(ThreadPoolExecutor.java:1142)
	at java.util.concurrent.ThreadPoolExecutor$Worker.run(ThreadPoolExecutor.java:617)
	at org.gradle.internal.concurrent.ThreadFactoryImpl$ManagedThreadRunnable.run(ThreadFactoryImpl.java:55)
	at java.lang.Thread.run(Thread.java:745)
Caused by: org.springframework.beans.factory.BeanCreationException: Error creating bean with name 'innerBean#1' defined in class path resource [org/springframework/beans/factory/xml/XmlBeanFactoryTests-reftypes.xml]: Error setting property values; nested exception is org.springframework.beans.PropertyBatchUpdateException; nested PropertyAccessExceptions (1) are:
PropertyAccessException 1: org.springframework.beans.MethodInvocationException: Property 'touchy' threw exception; nested exception is java.lang.Exception: Can't contain a .
	at org.springframework.beans.factory.support.AbstractAutowireCapableBeanFactory.applyPropertyValues(AbstractAutowireCapableBeanFactory.java:1731)
	at org.springframework.beans.factory.support.AbstractAutowireCapableBeanFactory.populateBean(AbstractAutowireCapableBeanFactory.java:1439)
	at org.springframework.beans.factory.support.AbstractAutowireCapableBeanFactory.doCreateBean(AbstractAutowireCapableBeanFactory.java:593)
	at org.springframework.beans.factory.support.AbstractAutowireCapableBeanFactory.createBean(AbstractAutowireCapableBeanFactory.java:516)
	at org.springframework.beans.factory.support.BeanDefinitionValueResolver.resolveInnerBean(BeanDefinitionValueResolver.java:374)
	... 81 more
Caused by: org.springframework.beans.PropertyBatchUpdateException; nested PropertyAccessExceptions (1) are:
PropertyAccessException 1: org.springframework.beans.MethodInvocationException: Property 'touchy' threw exception; nested exception is java.lang.Exception: Can't contain a .
	at org.springframework.beans.AbstractPropertyAccessor.setPropertyValues(AbstractPropertyAccessor.java:122)
	at org.springframework.beans.AbstractPropertyAccessor.setPropertyValues(AbstractPropertyAccessor.java:77)
	at org.springframework.beans.factory.support.AbstractAutowireCapableBeanFactory.applyPropertyValues(AbstractAutowireCapableBeanFactory.java:1727)
	... 85 more
org.springframework.beans.factory.BeanCreationException: Error creating bean with name 'rod2Accessor' defined in class path resource [org/springframework/beans/factory/xml/XmlBeanFactoryTests-constructorArg.xml]: Error setting property values; nested exception is org.springframework.beans.PropertyBatchUpdateException; nested PropertyAccessExceptions (1) are:
PropertyAccessException 1: org.springframework.beans.MethodInvocationException: Property 'touchy' threw exception; nested exception is java.lang.Exception: Can't contain a .
	at org.springframework.beans.factory.support.AbstractAutowireCapableBeanFactory.applyPropertyValues(AbstractAutowireCapableBeanFactory.java:1731)
	at org.springframework.beans.factory.support.AbstractAutowireCapableBeanFactory.populateBean(AbstractAutowireCapableBeanFactory.java:1439)
	at org.springframework.beans.factory.support.AbstractAutowireCapableBeanFactory.doCreateBean(AbstractAutowireCapableBeanFactory.java:593)
	at org.springframework.beans.factory.support.AbstractAutowireCapableBeanFactory.createBean(AbstractAutowireCapableBeanFactory.java:516)
	at org.springframework.beans.factory.support.AbstractBeanFactory.lambda$doGetBean$31(AbstractBeanFactory.java:320)
	at org.springframework.beans.factory.support.DefaultSingletonBeanRegistry.getSingleton(DefaultSingletonBeanRegistry.java:222)
	at org.springframework.beans.factory.support.AbstractBeanFactory.doGetBean(AbstractBeanFactory.java:318)
	at org.springframework.beans.factory.support.AbstractBeanFactory.getBean(AbstractBeanFactory.java:199)
	at org.springframework.beans.factory.xml.XmlBeanFactoryTests.testRelatedCausesFromConstructorResolution(XmlBeanFactoryTests.java:907)
	at sun.reflect.NativeMethodAccessorImpl.invoke0(Native Method)
	at sun.reflect.NativeMethodAccessorImpl.invoke(NativeMethodAccessorImpl.java:62)
	at sun.reflect.DelegatingMethodAccessorImpl.invoke(DelegatingMethodAccessorImpl.java:43)
	at java.lang.reflect.Method.invoke(Method.java:497)
	at org.junit.runners.model.FrameworkMethod$1.runReflectiveCall(FrameworkMethod.java:59)
	at org.junit.internal.runners.model.ReflectiveCallable.run(ReflectiveCallable.java:12)
	at org.junit.runners.model.FrameworkMethod.invokeExplosively(FrameworkMethod.java:56)
	at org.junit.internal.runners.statements.InvokeMethod.evaluate(InvokeMethod.java:17)
	at org.junit.runners.ParentRunner$3.evaluate(ParentRunner.java:305)
	at org.junit.runners.BlockJUnit4ClassRunner$1.evaluate(BlockJUnit4ClassRunner.java:100)
	at org.junit.runners.ParentRunner.runLeaf(ParentRunner.java:365)
	at org.junit.runners.BlockJUnit4ClassRunner.runChild(BlockJUnit4ClassRunner.java:103)
	at org.junit.runners.BlockJUnit4ClassRunner.runChild(BlockJUnit4ClassRunner.java:63)
	at org.junit.runners.ParentRunner$4.run(ParentRunner.java:330)
	at org.junit.runners.ParentRunner$1.schedule(ParentRunner.java:78)
	at org.junit.runners.ParentRunner.runChildren(ParentRunner.java:328)
	at org.junit.runners.ParentRunner.access$100(ParentRunner.java:65)
	at org.junit.runners.ParentRunner$2.evaluate(ParentRunner.java:292)
	at org.junit.runners.ParentRunner$3.evaluate(ParentRunner.java:305)
	at org.junit.runners.ParentRunner.run(ParentRunner.java:412)
	at org.junit.runner.JUnitCore.run(JUnitCore.java:137)
	at org.junit.runner.JUnitCore.run(JUnitCore.java:115)
	at org.junit.vintage.engine.execution.RunnerExecutor.execute(RunnerExecutor.java:40)
	at java.util.stream.ForEachOps$ForEachOp$OfRef.accept(ForEachOps.java:184)
	at java.util.stream.ReferencePipeline$3$1.accept(ReferencePipeline.java:193)
	at java.util.Iterator.forEachRemaining(Iterator.java:116)
	at java.util.Spliterators$IteratorSpliterator.forEachRemaining(Spliterators.java:1801)
	at java.util.stream.AbstractPipeline.copyInto(AbstractPipeline.java:481)
	at java.util.stream.AbstractPipeline.wrapAndCopyInto(AbstractPipeline.java:471)
	at java.util.stream.ForEachOps$ForEachOp.evaluateSequential(ForEachOps.java:151)
	at java.util.stream.ForEachOps$ForEachOp$OfRef.evaluateSequential(ForEachOps.java:174)
	at java.util.stream.AbstractPipeline.evaluate(AbstractPipeline.java:234)
	at java.util.stream.ReferencePipeline.forEach(ReferencePipeline.java:418)
	at org.junit.vintage.engine.VintageTestEngine.executeAllChildren(VintageTestEngine.java:80)
	at org.junit.vintage.engine.VintageTestEngine.execute(VintageTestEngine.java:71)
	at org.junit.platform.launcher.core.DefaultLauncher.execute(DefaultLauncher.java:229)
	at org.junit.platform.launcher.core.DefaultLauncher.lambda$execute$6(DefaultLauncher.java:197)
	at org.junit.platform.launcher.core.DefaultLauncher.withInterceptedStreams(DefaultLauncher.java:211)
	at org.junit.platform.launcher.core.DefaultLauncher.execute(DefaultLauncher.java:191)
	at org.junit.platform.launcher.core.DefaultLauncher.execute(DefaultLauncher.java:128)
	at org.gradle.api.internal.tasks.testing.junitplatform.JUnitPlatformTestClassProcessor$CollectAllTestClassesExecutor.processAllTestClasses(JUnitPlatformTestClassProcessor.java:102)
	at org.gradle.api.internal.tasks.testing.junitplatform.JUnitPlatformTestClassProcessor$CollectAllTestClassesExecutor.access$000(JUnitPlatformTestClassProcessor.java:82)
	at org.gradle.api.internal.tasks.testing.junitplatform.JUnitPlatformTestClassProcessor.stop(JUnitPlatformTestClassProcessor.java:78)
	at org.gradle.api.internal.tasks.testing.SuiteTestClassProcessor.stop(SuiteTestClassProcessor.java:61)
	at sun.reflect.NativeMethodAccessorImpl.invoke0(Native Method)
	at sun.reflect.NativeMethodAccessorImpl.invoke(NativeMethodAccessorImpl.java:62)
	at sun.reflect.DelegatingMethodAccessorImpl.invoke(DelegatingMethodAccessorImpl.java:43)
	at java.lang.reflect.Method.invoke(Method.java:497)
	at org.gradle.internal.dispatch.ReflectionDispatch.dispatch(ReflectionDispatch.java:35)
	at org.gradle.internal.dispatch.ReflectionDispatch.dispatch(ReflectionDispatch.java:24)
	at org.gradle.internal.dispatch.ContextClassLoaderDispatch.dispatch(ContextClassLoaderDispatch.java:32)
	at org.gradle.internal.dispatch.ProxyDispatchAdapter$DispatchingInvocationHandler.invoke(ProxyDispatchAdapter.java:93)
	at com.sun.proxy.$Proxy2.stop(Unknown Source)
	at org.gradle.api.internal.tasks.testing.worker.TestWorker.stop(TestWorker.java:132)
	at sun.reflect.NativeMethodAccessorImpl.invoke0(Native Method)
	at sun.reflect.NativeMethodAccessorImpl.invoke(NativeMethodAccessorImpl.java:62)
	at sun.reflect.DelegatingMethodAccessorImpl.invoke(DelegatingMethodAccessorImpl.java:43)
	at java.lang.reflect.Method.invoke(Method.java:497)
	at org.gradle.internal.dispatch.ReflectionDispatch.dispatch(ReflectionDispatch.java:35)
	at org.gradle.internal.dispatch.ReflectionDispatch.dispatch(ReflectionDispatch.java:24)
	at org.gradle.internal.remote.internal.hub.MessageHubBackedObjectConnection$DispatchWrapper.dispatch(MessageHubBackedObjectConnection.java:175)
	at org.gradle.internal.remote.internal.hub.MessageHubBackedObjectConnection$DispatchWrapper.dispatch(MessageHubBackedObjectConnection.java:157)
	at org.gradle.internal.remote.internal.hub.MessageHub$Handler.run(MessageHub.java:404)
	at org.gradle.internal.concurrent.ExecutorPolicy$CatchAndRecordFailures.onExecute(ExecutorPolicy.java:63)
	at org.gradle.internal.concurrent.ManagedExecutorImpl$1.run(ManagedExecutorImpl.java:46)
	at java.util.concurrent.ThreadPoolExecutor.runWorker(ThreadPoolExecutor.java:1142)
	at java.util.concurrent.ThreadPoolExecutor$Worker.run(ThreadPoolExecutor.java:617)
	at org.gradle.internal.concurrent.ThreadFactoryImpl$ManagedThreadRunnable.run(ThreadFactoryImpl.java:55)
	at java.lang.Thread.run(Thread.java:745)
Caused by: org.springframework.beans.PropertyBatchUpdateException; nested PropertyAccessExceptions (1) are:
PropertyAccessException 1: org.springframework.beans.MethodInvocationException: Property 'touchy' threw exception; nested exception is java.lang.Exception: Can't contain a .
	at org.springframework.beans.AbstractPropertyAccessor.setPropertyValues(AbstractPropertyAccessor.java:122)
	at org.springframework.beans.AbstractPropertyAccessor.setPropertyValues(AbstractPropertyAccessor.java:77)
	at org.springframework.beans.factory.support.AbstractAutowireCapableBeanFactory.applyPropertyValues(AbstractAutowireCapableBeanFactory.java:1727)
	... 77 more
]]></system-err>
</testsuite>
